mode: atomic
github.com/mindmorass/shell-profile-manager/internal/ui/colors.go:18.29,20.2 1 0
github.com/mindmorass/shell-profile-manager/internal/ui/colors.go:22.31,24.2 1 0
github.com/mindmorass/shell-profile-manager/internal/ui/colors.go:26.28,28.2 1 0
github.com/mindmorass/shell-profile-manager/internal/ui/colors.go:30.31,32.2 1 0
github.com/mindmorass/shell-profile-manager/internal/ui/prompts.go:10.71,11.24 1 0
github.com/mindmorass/shell-profile-manager/internal/ui/prompts.go:11.24,13.3 1 0
github.com/mindmorass/shell-profile-manager/internal/ui/prompts.go:15.2,22.16 4 0
github.com/mindmorass/shell-profile-manager/internal/ui/prompts.go:22.16,24.3 1 0
github.com/mindmorass/shell-profile-manager/internal/ui/prompts.go:26.2,26.22 1 0
github.com/mindmorass/shell-profile-manager/internal/ui/prompts.go:30.39,44.16 4 0
github.com/mindmorass/shell-profile-manager/internal/ui/prompts.go:44.16,46.3 1 0
github.com/mindmorass/shell-profile-manager/internal/ui/prompts.go:49.2,49.18 1 0
github.com/mindmorass/shell-profile-manager/internal/ui/prompts.go:50.38,51.25 1 0
github.com/mindmorass/shell-profile-manager/internal/ui/prompts.go:52.30,53.21 1 0
github.com/mindmorass/shell-profile-manager/internal/ui/prompts.go:54.34,55.23 1 0
github.com/mindmorass/shell-profile-manager/internal/ui/prompts.go:56.10,57.22 1 0
github.com/mindmorass/shell-profile-manager/internal/ui/prompts.go:62.63,70.16 4 0
github.com/mindmorass/shell-profile-manager/internal/ui/prompts.go:70.16,72.3 1 0
github.com/mindmorass/shell-profile-manager/internal/ui/prompts.go:74.2,74.20 1 0
github.com/mindmorass/shell-profile-manager/internal/ui/prompts.go:78.61,86.16 4 0
github.com/mindmorass/shell-profile-manager/internal/ui/prompts.go:86.16,88.3 1 0
github.com/mindmorass/shell-profile-manager/internal/ui/prompts.go:90.2,90.20 1 0
github.com/mindmorass/shell-profile-manager/internal/ui/prompts.go:94.70,102.16 4 0
github.com/mindmorass/shell-profile-manager/internal/ui/prompts.go:102.16,104.3 1 0
github.com/mindmorass/shell-profile-manager/internal/ui/prompts.go:106.2,106.22 1 0
github.com/mindmorass/shell-profile-manager/cmd/profile/main.go:11.13,14.16 2 0
github.com/mindmorass/shell-profile-manager/cmd/profile/main.go:14.16,18.3 3 0
github.com/mindmorass/shell-profile-manager/cmd/profile/main.go:21.2,24.45 2 0
github.com/mindmorass/shell-profile-manager/cmd/profile/main.go:24.45,27.3 2 0
github.com/mindmorass/shell-profile-manager/internal/cli/app.go:18.38,22.2 1 0
github.com/mindmorass/shell-profile-manager/internal/cli/app.go:24.40,25.20 1 0
github.com/mindmorass/shell-profile-manager/internal/cli/app.go:25.20,28.3 2 0
github.com/mindmorass/shell-profile-manager/internal/cli/app.go:30.2,33.17 3 0
github.com/mindmorass/shell-profile-manager/internal/cli/app.go:34.14,35.28 1 0
github.com/mindmorass/shell-profile-manager/internal/cli/app.go:36.30,37.30 1 0
github.com/mindmorass/shell-profile-manager/internal/cli/app.go:38.27,39.30 1 0
github.com/mindmorass/shell-profile-manager/internal/cli/app.go:40.20,41.28 1 0
github.com/mindmorass/shell-profile-manager/internal/cli/app.go:42.23,43.30 1 0
github.com/mindmorass/shell-profile-manager/internal/cli/app.go:44.32,45.30 1 0
github.com/mindmorass/shell-profile-manager/internal/cli/app.go:46.17,47.31 1 0
github.com/mindmorass/shell-profile-manager/internal/cli/app.go:48.33,49.28 1 0
github.com/mindmorass/shell-profile-manager/internal/cli/app.go:50.16,51.30 1 0
github.com/mindmorass/shell-profile-manager/internal/cli/app.go:52.14,53.28 1 0
github.com/mindmorass/shell-profile-manager/internal/cli/app.go:54.18,55.32 1 0
github.com/mindmorass/shell-profile-manager/internal/cli/app.go:56.30,58.13 2 0
github.com/mindmorass/shell-profile-manager/internal/cli/app.go:59.10,62.52 3 0
github.com/mindmorass/shell-profile-manager/internal/cli/app.go:66.47,70.33 2 0
github.com/mindmorass/shell-profile-manager/internal/cli/app.go:70.33,72.14 2 0
github.com/mindmorass/shell-profile-manager/internal/cli/app.go:73.23,75.14 2 0
github.com/mindmorass/shell-profile-manager/internal/cli/app.go:76.24,77.21 1 0
github.com/mindmorass/shell-profile-manager/internal/cli/app.go:78.25,79.23 1 0
github.com/mindmorass/shell-profile-manager/internal/cli/app.go:79.23,82.5 2 0
github.com/mindmorass/shell-profile-manager/internal/cli/app.go:83.30,84.27 1 0
github.com/mindmorass/shell-profile-manager/internal/cli/app.go:88.2,88.34 1 0
github.com/mindmorass/shell-profile-manager/internal/cli/app.go:91.49,100.33 3 0
github.com/mindmorass/shell-profile-manager/internal/cli/app.go:100.33,102.14 2 0
github.com/mindmorass/shell-profile-manager/internal/cli/app.go:103.23,105.14 2 0
github.com/mindmorass/shell-profile-manager/internal/cli/app.go:106.24,108.33 2 0
github.com/mindmorass/shell-profile-manager/internal/cli/app.go:109.27,110.23 1 0
github.com/mindmorass/shell-profile-manager/internal/cli/app.go:110.23,114.5 3 0
github.com/mindmorass/shell-profile-manager/internal/cli/app.go:115.21,116.23 1 0
github.com/mindmorass/shell-profile-manager/internal/cli/app.go:116.23,120.5 3 0
github.com/mindmorass/shell-profile-manager/internal/cli/app.go:121.22,122.23 1 0
github.com/mindmorass/shell-profile-manager/internal/cli/app.go:122.23,126.5 3 0
github.com/mindmorass/shell-profile-manager/internal/cli/app.go:127.30,128.27 1 0
github.com/mindmorass/shell-profile-manager/internal/cli/app.go:129.27,131.33 2 0
github.com/mindmorass/shell-profile-manager/internal/cli/app.go:132.20,134.33 2 0
github.com/mindmorass/shell-profile-manager/internal/cli/app.go:135.21,137.33 2 0
github.com/mindmorass/shell-profile-manager/internal/cli/app.go:138.23,139.23 1 0
github.com/mindmorass/shell-profile-manager/internal/cli/app.go:139.23,144.5 4 0
github.com/mindmorass/shell-profile-manager/internal/cli/app.go:145.11,146.62 1 0
github.com/mindmorass/shell-profile-manager/internal/cli/app.go:146.62,148.5 1 0
github.com/mindmorass/shell-profile-manager/internal/cli/app.go:152.2,152.28 1 0
github.com/mindmorass/shell-profile-manager/internal/cli/app.go:152.28,154.3 1 0
github.com/mindmorass/shell-profile-manager/internal/cli/app.go:157.2,157.29 1 0
github.com/mindmorass/shell-profile-manager/internal/cli/app.go:157.29,159.3 1 0
github.com/mindmorass/shell-profile-manager/internal/cli/app.go:161.2,161.52 1 0
github.com/mindmorass/shell-profile-manager/internal/cli/app.go:164.49,168.33 2 0
github.com/mindmorass/shell-profile-manager/internal/cli/app.go:168.33,170.14 2 0
github.com/mindmorass/shell-profile-manager/internal/cli/app.go:171.23,173.14 2 0
github.com/mindmorass/shell-profile-manager/internal/cli/app.go:174.24,175.21 1 0
github.com/mindmorass/shell-profile-manager/internal/cli/app.go:176.20,177.22 1 0
github.com/mindmorass/shell-profile-manager/internal/cli/app.go:178.22,179.24 1 0
github.com/mindmorass/shell-profile-manager/internal/cli/app.go:180.11,181.62 1 0
github.com/mindmorass/shell-profile-manager/internal/cli/app.go:181.62,183.5 1 0
github.com/mindmorass/shell-profile-manager/internal/cli/app.go:188.2,188.52 1 0
github.com/mindmorass/shell-profile-manager/internal/cli/app.go:191.47,197.27 2 0
github.com/mindmorass/shell-profile-manager/internal/cli/app.go:197.27,198.14 1 0
github.com/mindmorass/shell-profile-manager/internal/cli/app.go:199.26,201.28 2 0
github.com/mindmorass/shell-profile-manager/internal/cli/app.go:202.25,204.28 2 0
github.com/mindmorass/shell-profile-manager/internal/cli/app.go:205.30,206.27 1 0
github.com/mindmorass/shell-profile-manager/internal/cli/app.go:207.27,208.28 1 0
github.com/mindmorass/shell-profile-manager/internal/cli/app.go:209.23,211.14 2 0
github.com/mindmorass/shell-profile-manager/internal/cli/app.go:215.2,215.51 1 0
github.com/mindmorass/shell-profile-manager/internal/cli/app.go:218.49,222.33 2 0
github.com/mindmorass/shell-profile-manager/internal/cli/app.go:222.33,224.14 2 0
github.com/mindmorass/shell-profile-manager/internal/cli/app.go:225.23,227.14 2 0
github.com/mindmorass/shell-profile-manager/internal/cli/app.go:228.24,229.21 1 0
github.com/mindmorass/shell-profile-manager/internal/cli/app.go:230.20,231.22 1 0
github.com/mindmorass/shell-profile-manager/internal/cli/app.go:232.27,232.27 0 0
github.com/mindmorass/shell-profile-manager/internal/cli/app.go:234.11,235.62 1 0
github.com/mindmorass/shell-profile-manager/internal/cli/app.go:235.62,237.5 1 0
github.com/mindmorass/shell-profile-manager/internal/cli/app.go:241.2,241.52 1 0
github.com/mindmorass/shell-profile-manager/internal/cli/app.go:244.50,246.2 1 0
github.com/mindmorass/shell-profile-manager/internal/cli/app.go:248.47,249.20 1 0
github.com/mindmorass/shell-profile-manager/internal/cli/app.go:249.20,252.3 2 0
github.com/mindmorass/shell-profile-manager/internal/cli/app.go:254.2,258.77 3 0
github.com/mindmorass/shell-profile-manager/internal/cli/app.go:258.77,261.3 2 0
github.com/mindmorass/shell-profile-manager/internal/cli/app.go:263.2,266.33 2 0
github.com/mindmorass/shell-profile-manager/internal/cli/app.go:266.33,268.14 2 0
github.com/mindmorass/shell-profile-manager/internal/cli/app.go:269.24,270.21 1 0
github.com/mindmorass/shell-profile-manager/internal/cli/app.go:271.19,272.23 1 0
github.com/mindmorass/shell-profile-manager/internal/cli/app.go:272.23,275.5 2 0
github.com/mindmorass/shell-profile-manager/internal/cli/app.go:276.23,278.14 2 0
github.com/mindmorass/shell-profile-manager/internal/cli/app.go:279.11,280.62 1 0
github.com/mindmorass/shell-profile-manager/internal/cli/app.go:280.62,282.5 1 0
github.com/mindmorass/shell-profile-manager/internal/cli/app.go:287.2,288.27 2 0
github.com/mindmorass/shell-profile-manager/internal/cli/app.go:288.27,289.32 1 0
github.com/mindmorass/shell-profile-manager/internal/cli/app.go:289.32,291.9 2 0
github.com/mindmorass/shell-profile-manager/internal/cli/app.go:296.2,296.55 1 0
github.com/mindmorass/shell-profile-manager/internal/cli/app.go:296.55,298.3 1 0
github.com/mindmorass/shell-profile-manager/internal/cli/app.go:301.2,301.46 1 0
github.com/mindmorass/shell-profile-manager/internal/cli/app.go:301.46,304.17 2 0
github.com/mindmorass/shell-profile-manager/internal/cli/app.go:304.17,306.4 1 0
github.com/mindmorass/shell-profile-manager/internal/cli/app.go:308.3,309.33 2 0
github.com/mindmorass/shell-profile-manager/internal/cli/app.go:309.33,310.47 1 0
github.com/mindmorass/shell-profile-manager/internal/cli/app.go:310.47,313.49 3 0
github.com/mindmorass/shell-profile-manager/internal/cli/app.go:313.49,315.6 1 0
github.com/mindmorass/shell-profile-manager/internal/cli/app.go:319.3,319.25 1 0
github.com/mindmorass/shell-profile-manager/internal/cli/app.go:319.25,321.4 1 0
github.com/mindmorass/shell-profile-manager/internal/cli/app.go:323.3,324.17 2 0
github.com/mindmorass/shell-profile-manager/internal/cli/app.go:324.17,326.4 1 0
github.com/mindmorass/shell-profile-manager/internal/cli/app.go:327.3,327.30 1 0
github.com/mindmorass/shell-profile-manager/internal/cli/app.go:330.2,330.21 1 0
github.com/mindmorass/shell-profile-manager/internal/cli/app.go:331.14,333.34 1 0
github.com/mindmorass/shell-profile-manager/internal/cli/app.go:333.34,334.48 1 0
github.com/mindmorass/shell-profile-manager/internal/cli/app.go:334.48,336.10 2 0
github.com/mindmorass/shell-profile-manager/internal/cli/app.go:339.3,339.47 1 0
github.com/mindmorass/shell-profile-manager/internal/cli/app.go:340.14,341.47 1 0
github.com/mindmorass/shell-profile-manager/internal/cli/app.go:342.14,343.47 1 0
github.com/mindmorass/shell-profile-manager/internal/cli/app.go:344.14,345.47 1 0
github.com/mindmorass/shell-profile-manager/internal/cli/app.go:346.16,348.41 1 0
github.com/mindmorass/shell-profile-manager/internal/cli/app.go:348.41,350.40 1 0
github.com/mindmorass/shell-profile-manager/internal/cli/app.go:350.40,351.72 1 0
github.com/mindmorass/shell-profile-manager/internal/cli/app.go:351.72,353.11 2 0
github.com/mindmorass/shell-profile-manager/internal/cli/app.go:357.3,357.49 1 0
github.com/mindmorass/shell-profile-manager/internal/cli/app.go:358.16,359.52 1 0
github.com/mindmorass/shell-profile-manager/internal/cli/app.go:360.10,363.61 3 0
github.com/mindmorass/shell-profile-manager/internal/cli/app.go:367.47,371.2 2 0
github.com/mindmorass/shell-profile-manager/internal/cli/app.go:373.49,377.33 2 0
github.com/mindmorass/shell-profile-manager/internal/cli/app.go:377.33,379.14 2 0
github.com/mindmorass/shell-profile-manager/internal/cli/app.go:380.23,382.14 2 0
github.com/mindmorass/shell-profile-manager/internal/cli/app.go:383.25,384.27 1 0
github.com/mindmorass/shell-profile-manager/internal/cli/app.go:385.11,386.62 1 0
github.com/mindmorass/shell-profile-manager/internal/cli/app.go:386.62,388.5 1 0
github.com/mindmorass/shell-profile-manager/internal/cli/app.go:392.2,392.52 1 0
github.com/mindmorass/shell-profile-manager/internal/cli/app.go:395.49,398.2 1 0
github.com/mindmorass/shell-profile-manager/internal/cli/app.go:400.51,401.20 1 0
github.com/mindmorass/shell-profile-manager/internal/cli/app.go:401.20,404.3 2 0
github.com/mindmorass/shell-profile-manager/internal/cli/app.go:406.2,412.33 4 0
github.com/mindmorass/shell-profile-manager/internal/cli/app.go:412.33,414.14 2 0
github.com/mindmorass/shell-profile-manager/internal/cli/app.go:415.26,416.23 1 0
github.com/mindmorass/shell-profile-manager/internal/cli/app.go:416.23,419.5 2 0
github.com/mindmorass/shell-profile-manager/internal/cli/app.go:420.23,421.23 1 0
github.com/mindmorass/shell-profile-manager/internal/cli/app.go:421.23,424.5 2 0
github.com/mindmorass/shell-profile-manager/internal/cli/app.go:425.25,426.23 1 0
github.com/mindmorass/shell-profile-manager/internal/cli/app.go:426.23,429.5 2 0
github.com/mindmorass/shell-profile-manager/internal/cli/app.go:430.23,432.14 2 0
github.com/mindmorass/shell-profile-manager/internal/cli/app.go:433.11,435.62 1 0
github.com/mindmorass/shell-profile-manager/internal/cli/app.go:435.62,437.5 1 0
github.com/mindmorass/shell-profile-manager/internal/cli/app.go:441.2,441.20 1 0
github.com/mindmorass/shell-profile-manager/internal/cli/app.go:442.20,443.52 1 0
github.com/mindmorass/shell-profile-manager/internal/cli/app.go:444.19,445.51 1 0
github.com/mindmorass/shell-profile-manager/internal/cli/app.go:446.30,448.13 2 0
github.com/mindmorass/shell-profile-manager/internal/cli/app.go:449.10,452.64 3 0
github.com/mindmorass/shell-profile-manager/internal/cli/app.go:456.26,596.2 2 0
github.com/mindmorass/shell-profile-manager/internal/cli/app.go:598.30,660.2 2 0
github.com/mindmorass/shell-profile-manager/internal/cli/app.go:662.32,708.2 2 0
github.com/mindmorass/shell-profile-manager/internal/cli/app.go:710.32,741.2 2 0
github.com/mindmorass/shell-profile-manager/internal/cli/app.go:743.30,763.2 2 0
github.com/mindmorass/shell-profile-manager/internal/cli/app.go:765.32,800.2 2 0
github.com/mindmorass/shell-profile-manager/internal/cli/app.go:802.34,857.2 2 0
github.com/mindmorass/shell-profile-manager/internal/cli/app.go:859.32,901.2 2 0
github.com/mindmorass/shell-profile-manager/internal/cli/app.go:903.30,940.2 2 0
github.com/mindmorass/shell-profile-manager/internal/cli/colors.go:17.29,19.2 1 0
github.com/mindmorass/shell-profile-manager/internal/cli/colors.go:21.31,23.2 1 0
github.com/mindmorass/shell-profile-manager/internal/cli/colors.go:25.28,27.2 1 0
github.com/mindmorass/shell-profile-manager/internal/cli/colors.go:29.31,31.2 1 0
github.com/mindmorass/shell-profile-manager/internal/profile/manager.go:15.46,19.2 1 0
github.com/mindmorass/shell-profile-manager/internal/profile/manager.go:22.36,26.23 3 0
github.com/mindmorass/shell-profile-manager/internal/profile/manager.go:26.23,36.3 8 0
github.com/mindmorass/shell-profile-manager/internal/profile/manager.go:38.2,48.21 9 0
github.com/mindmorass/shell-profile-manager/internal/profile/manager.go:48.21,49.47 1 0
github.com/mindmorass/shell-profile-manager/internal/profile/manager.go:49.47,51.64 1 0
github.com/mindmorass/shell-profile-manager/internal/profile/manager.go:51.64,53.5 1 0
github.com/mindmorass/shell-profile-manager/internal/profile/manager.go:53.10,55.5 1 0
github.com/mindmorass/shell-profile-manager/internal/profile/manager.go:56.4,56.67 1 0
github.com/mindmorass/shell-profile-manager/internal/profile/manager.go:56.67,58.5 1 0
github.com/mindmorass/shell-profile-manager/internal/profile/manager.go:58.10,60.5 1 0
github.com/mindmorass/shell-profile-manager/internal/profile/manager.go:61.4,61.77 1 0
github.com/mindmorass/shell-profile-manager/internal/profile/manager.go:61.77,63.5 1 0
github.com/mindmorass/shell-profile-manager/internal/profile/manager.go:63.10,65.5 1 0
github.com/mindmorass/shell-profile-manager/internal/profile/manager.go:66.9,68.4 1 0
github.com/mindmorass/shell-profile-manager/internal/profile/manager.go:70.2,74.35 3 0
github.com/mindmorass/shell-profile-manager/internal/profile/manager.go:74.35,75.43 1 0
github.com/mindmorass/shell-profile-manager/internal/profile/manager.go:75.43,77.23 2 0
github.com/mindmorass/shell-profile-manager/internal/profile/manager.go:77.23,79.5 1 0
github.com/mindmorass/shell-profile-manager/internal/profile/manager.go:82.2,88.26 5 0
github.com/mindmorass/shell-profile-manager/internal/profile/manager.go:88.26,89.39 1 0
github.com/mindmorass/shell-profile-manager/internal/profile/manager.go:89.39,91.4 1 0
github.com/mindmorass/shell-profile-manager/internal/profile/manager.go:94.2,94.12 1 0
github.com/mindmorass/shell-profile-manager/internal/profile/manager.go:98.40,100.16 2 0
github.com/mindmorass/shell-profile-manager/internal/profile/manager.go:100.16,102.3 1 0
github.com/mindmorass/shell-profile-manager/internal/profile/manager.go:104.2,104.32 1 0
github.com/mindmorass/shell-profile-manager/internal/profile/manager.go:104.32,105.46 1 0
github.com/mindmorass/shell-profile-manager/internal/profile/manager.go:105.46,108.48 3 0
github.com/mindmorass/shell-profile-manager/internal/profile/manager.go:108.48,110.5 1 0
github.com/mindmorass/shell-profile-manager/internal/profile/manager.go:114.2,114.12 1 0
github.com/mindmorass/shell-profile-manager/internal/profile/manager.go:118.50,121.16 3 0
github.com/mindmorass/shell-profile-manager/internal/profile/manager.go:121.16,123.3 1 0
github.com/mindmorass/shell-profile-manager/internal/profile/manager.go:124.2,124.42 1 0
github.com/mindmorass/shell-profile-manager/internal/profile/manager.go:128.31,131.34 2 0
github.com/mindmorass/shell-profile-manager/internal/profile/manager.go:131.34,142.3 10 0
github.com/mindmorass/shell-profile-manager/internal/profile/manager.go:144.2,151.24 6 0
github.com/mindmorass/shell-profile-manager/internal/commands/create.go:25.66,29.28 2 0
github.com/mindmorass/shell-profile-manager/internal/commands/create.go:29.28,31.3 1 0
github.com/mindmorass/shell-profile-manager/internal/commands/create.go:33.2,34.14 2 0
github.com/mindmorass/shell-profile-manager/internal/commands/create.go:34.14,36.3 1 0
github.com/mindmorass/shell-profile-manager/internal/commands/create.go:39.2,42.36 2 0
github.com/mindmorass/shell-profile-manager/internal/commands/create.go:42.36,44.3 1 0
github.com/mindmorass/shell-profile-manager/internal/commands/create.go:47.2,47.62 1 0
github.com/mindmorass/shell-profile-manager/internal/commands/create.go:47.62,49.3 1 0
github.com/mindmorass/shell-profile-manager/internal/commands/create.go:52.2,52.22 1 0
github.com/mindmorass/shell-profile-manager/internal/commands/create.go:52.22,53.49 1 0
github.com/mindmorass/shell-profile-manager/internal/commands/create.go:53.49,55.4 1 0
github.com/mindmorass/shell-profile-manager/internal/commands/create.go:59.2,59.17 1 0
github.com/mindmorass/shell-profile-manager/internal/commands/create.go:59.17,66.25 7 0
github.com/mindmorass/shell-profile-manager/internal/commands/create.go:66.25,68.4 1 0
github.com/mindmorass/shell-profile-manager/internal/commands/create.go:69.3,69.26 1 0
github.com/mindmorass/shell-profile-manager/internal/commands/create.go:69.26,71.4 1 0
github.com/mindmorass/shell-profile-manager/internal/commands/create.go:72.3,72.13 1 0
github.com/mindmorass/shell-profile-manager/internal/commands/create.go:76.2,92.27 3 0
github.com/mindmorass/shell-profile-manager/internal/commands/create.go:92.27,94.53 2 0
github.com/mindmorass/shell-profile-manager/internal/commands/create.go:94.53,96.4 1 0
github.com/mindmorass/shell-profile-manager/internal/commands/create.go:100.2,101.47 2 0
github.com/mindmorass/shell-profile-manager/internal/commands/create.go:101.47,103.3 1 0
github.com/mindmorass/shell-profile-manager/internal/commands/create.go:106.2,106.54 1 0
github.com/mindmorass/shell-profile-manager/internal/commands/create.go:106.54,108.3 1 0
github.com/mindmorass/shell-profile-manager/internal/commands/create.go:111.2,111.58 1 0
github.com/mindmorass/shell-profile-manager/internal/commands/create.go:111.58,113.3 1 0
github.com/mindmorass/shell-profile-manager/internal/commands/create.go:116.2,116.58 1 0
github.com/mindmorass/shell-profile-manager/internal/commands/create.go:116.58,118.3 1 0
github.com/mindmorass/shell-profile-manager/internal/commands/create.go:121.2,122.59 2 0
github.com/mindmorass/shell-profile-manager/internal/commands/create.go:122.59,123.70 1 0
github.com/mindmorass/shell-profile-manager/internal/commands/create.go:123.70,125.4 1 0
github.com/mindmorass/shell-profile-manager/internal/commands/create.go:129.2,129.64 1 0
github.com/mindmorass/shell-profile-manager/internal/commands/create.go:129.64,131.3 1 0
github.com/mindmorass/shell-profile-manager/internal/commands/create.go:134.2,134.53 1 0
github.com/mindmorass/shell-profile-manager/internal/commands/create.go:134.53,136.3 1 0
github.com/mindmorass/shell-profile-manager/internal/commands/create.go:139.2,139.52 1 0
github.com/mindmorass/shell-profile-manager/internal/commands/create.go:139.52,141.3 1 0
github.com/mindmorass/shell-profile-manager/internal/commands/create.go:144.2,144.55 1 0
github.com/mindmorass/shell-profile-manager/internal/commands/create.go:144.55,146.3 1 0
github.com/mindmorass/shell-profile-manager/internal/commands/create.go:149.2,149.53 1 0
github.com/mindmorass/shell-profile-manager/internal/commands/create.go:149.53,151.3 1 0
github.com/mindmorass/shell-profile-manager/internal/commands/create.go:154.2,154.18 1 0
github.com/mindmorass/shell-profile-manager/internal/commands/create.go:154.18,159.55 2 0
github.com/mindmorass/shell-profile-manager/internal/commands/create.go:159.55,161.4 1 0
github.com/mindmorass/shell-profile-manager/internal/commands/create.go:164.2,174.12 10 0
github.com/mindmorass/shell-profile-manager/internal/commands/create.go:177.50,180.16 2 0
github.com/mindmorass/shell-profile-manager/internal/commands/create.go:180.16,182.3 1 0
github.com/mindmorass/shell-profile-manager/internal/commands/create.go:183.2,187.16 3 0
github.com/mindmorass/shell-profile-manager/internal/commands/create.go:187.16,189.3 1 0
github.com/mindmorass/shell-profile-manager/internal/commands/create.go:190.2,190.19 1 0
github.com/mindmorass/shell-profile-manager/internal/commands/create.go:190.19,192.3 1 0
github.com/mindmorass/shell-profile-manager/internal/commands/create.go:194.2,195.16 2 0
github.com/mindmorass/shell-profile-manager/internal/commands/create.go:195.16,197.3 1 0
github.com/mindmorass/shell-profile-manager/internal/commands/create.go:198.2,198.20 1 0
github.com/mindmorass/shell-profile-manager/internal/commands/create.go:198.20,200.3 1 0
github.com/mindmorass/shell-profile-manager/internal/commands/create.go:203.2,204.16 2 0
github.com/mindmorass/shell-profile-manager/internal/commands/create.go:204.16,206.3 1 0
github.com/mindmorass/shell-profile-manager/internal/commands/create.go:207.2,209.18 2 0
github.com/mindmorass/shell-profile-manager/internal/commands/create.go:209.18,211.17 2 0
github.com/mindmorass/shell-profile-manager/internal/commands/create.go:211.17,213.4 1 0
github.com/mindmorass/shell-profile-manager/internal/commands/create.go:214.3,214.19 1 0
github.com/mindmorass/shell-profile-manager/internal/commands/create.go:214.19,216.4 1 0
github.com/mindmorass/shell-profile-manager/internal/commands/create.go:219.2,219.12 1 0
github.com/mindmorass/shell-profile-manager/internal/commands/create.go:222.63,305.2 5 0
github.com/mindmorass/shell-profile-manager/internal/commands/create.go:307.67,311.19 3 0
github.com/mindmorass/shell-profile-manager/internal/commands/create.go:311.19,313.3 1 0
github.com/mindmorass/shell-profile-manager/internal/commands/create.go:315.2,316.20 2 0
github.com/mindmorass/shell-profile-manager/internal/commands/create.go:316.20,318.3 1 0
github.com/mindmorass/shell-profile-manager/internal/commands/create.go:320.2,377.23 2 0
github.com/mindmorass/shell-profile-manager/internal/commands/create.go:378.18,386.2 1 0
github.com/mindmorass/shell-profile-manager/internal/commands/create.go:387.14,397.2 1 0
github.com/mindmorass/shell-profile-manager/internal/commands/create.go:398.16,407.2 1 0
github.com/mindmorass/shell-profile-manager/internal/commands/create.go:410.2,411.68 2 0
github.com/mindmorass/shell-profile-manager/internal/commands/create.go:414.67,418.50 2 0
github.com/mindmorass/shell-profile-manager/internal/commands/create.go:418.50,421.3 2 0
github.com/mindmorass/shell-profile-manager/internal/commands/create.go:423.2,485.84 4 0
github.com/mindmorass/shell-profile-manager/internal/commands/create.go:485.84,487.3 1 0
github.com/mindmorass/shell-profile-manager/internal/commands/create.go:489.2,490.12 2 0
github.com/mindmorass/shell-profile-manager/internal/commands/create.go:493.73,525.2 4 0
github.com/mindmorass/shell-profile-manager/internal/commands/create.go:527.48,543.80 4 0
github.com/mindmorass/shell-profile-manager/internal/commands/create.go:543.80,545.3 1 0
github.com/mindmorass/shell-profile-manager/internal/commands/create.go:547.2,547.12 1 0
github.com/mindmorass/shell-profile-manager/internal/commands/create.go:550.47,628.2 4 0
github.com/mindmorass/shell-profile-manager/internal/commands/create.go:630.64,636.76 5 0
github.com/mindmorass/shell-profile-manager/internal/commands/create.go:636.76,638.3 1 0
github.com/mindmorass/shell-profile-manager/internal/commands/create.go:640.2,744.62 3 0
github.com/mindmorass/shell-profile-manager/internal/commands/create.go:747.48,788.2 4 0
github.com/mindmorass/shell-profile-manager/internal/commands/delete.go:17.66,21.59 2 0
github.com/mindmorass/shell-profile-manager/internal/commands/delete.go:21.59,24.17 2 0
github.com/mindmorass/shell-profile-manager/internal/commands/delete.go:24.17,26.4 1 0
github.com/mindmorass/shell-profile-manager/internal/commands/delete.go:28.3,29.33 2 0
github.com/mindmorass/shell-profile-manager/internal/commands/delete.go:29.33,30.47 1 0
github.com/mindmorass/shell-profile-manager/internal/commands/delete.go:30.47,33.49 3 0
github.com/mindmorass/shell-profile-manager/internal/commands/delete.go:33.49,35.6 1 0
github.com/mindmorass/shell-profile-manager/internal/commands/delete.go:39.3,39.25 1 0
github.com/mindmorass/shell-profile-manager/internal/commands/delete.go:39.25,41.4 1 0
github.com/mindmorass/shell-profile-manager/internal/commands/delete.go:43.3,44.17 2 0
github.com/mindmorass/shell-profile-manager/internal/commands/delete.go:44.17,46.4 1 0
github.com/mindmorass/shell-profile-manager/internal/commands/delete.go:47.3,47.30 1 0
github.com/mindmorass/shell-profile-manager/internal/commands/delete.go:51.2,51.55 1 0
github.com/mindmorass/shell-profile-manager/internal/commands/delete.go:51.55,53.3 1 0
github.com/mindmorass/shell-profile-manager/internal/commands/delete.go:56.2,57.40 2 0
github.com/mindmorass/shell-profile-manager/internal/commands/delete.go:57.40,60.3 2 0
github.com/mindmorass/shell-profile-manager/internal/commands/delete.go:63.2,69.81 5 0
github.com/mindmorass/shell-profile-manager/internal/commands/delete.go:69.81,70.17 1 0
github.com/mindmorass/shell-profile-manager/internal/commands/delete.go:70.17,72.4 1 0
github.com/mindmorass/shell-profile-manager/internal/commands/delete.go:73.3,73.19 1 0
github.com/mindmorass/shell-profile-manager/internal/commands/delete.go:73.19,75.4 1 0
github.com/mindmorass/shell-profile-manager/internal/commands/delete.go:75.9,77.4 1 0
github.com/mindmorass/shell-profile-manager/internal/commands/delete.go:78.3,78.13 1 0
github.com/mindmorass/shell-profile-manager/internal/commands/delete.go:81.2,86.44 4 0
github.com/mindmorass/shell-profile-manager/internal/commands/delete.go:86.44,88.3 1 0
github.com/mindmorass/shell-profile-manager/internal/commands/delete.go:90.2,91.52 2 0
github.com/mindmorass/shell-profile-manager/internal/commands/delete.go:91.52,93.33 2 0
github.com/mindmorass/shell-profile-manager/internal/commands/delete.go:93.33,94.22 1 0
github.com/mindmorass/shell-profile-manager/internal/commands/delete.go:94.22,96.30 2 0
github.com/mindmorass/shell-profile-manager/internal/commands/delete.go:96.30,98.6 1 0
github.com/mindmorass/shell-profile-manager/internal/commands/delete.go:101.3,101.22 1 0
github.com/mindmorass/shell-profile-manager/internal/commands/delete.go:101.22,103.4 1 0
github.com/mindmorass/shell-profile-manager/internal/commands/delete.go:107.2,107.17 1 0
github.com/mindmorass/shell-profile-manager/internal/commands/delete.go:107.17,112.82 5 0
github.com/mindmorass/shell-profile-manager/internal/commands/delete.go:112.82,113.18 1 0
github.com/mindmorass/shell-profile-manager/internal/commands/delete.go:113.18,115.5 1 0
github.com/mindmorass/shell-profile-manager/internal/commands/delete.go:116.4,116.35 1 0
github.com/mindmorass/shell-profile-manager/internal/commands/delete.go:116.35,119.5 2 0
github.com/mindmorass/shell-profile-manager/internal/commands/delete.go:120.4,120.14 1 0
github.com/mindmorass/shell-profile-manager/internal/commands/delete.go:122.3,122.21 1 0
github.com/mindmorass/shell-profile-manager/internal/commands/delete.go:122.21,124.4 1 0
github.com/mindmorass/shell-profile-manager/internal/commands/delete.go:125.3,125.13 1 0
github.com/mindmorass/shell-profile-manager/internal/commands/delete.go:129.2,129.17 1 0
github.com/mindmorass/shell-profile-manager/internal/commands/delete.go:129.17,134.17 2 0
github.com/mindmorass/shell-profile-manager/internal/commands/delete.go:134.17,136.4 1 0
github.com/mindmorass/shell-profile-manager/internal/commands/delete.go:138.3,138.17 1 0
github.com/mindmorass/shell-profile-manager/internal/commands/delete.go:138.17,141.4 2 0
github.com/mindmorass/shell-profile-manager/internal/commands/delete.go:145.2,147.49 2 0
github.com/mindmorass/shell-profile-manager/internal/commands/delete.go:147.49,149.3 1 0
github.com/mindmorass/shell-profile-manager/internal/commands/delete.go:151.2,156.32 4 0
github.com/mindmorass/shell-profile-manager/internal/commands/delete.go:156.32,157.46 1 0
github.com/mindmorass/shell-profile-manager/internal/commands/delete.go:157.46,159.4 1 0
github.com/mindmorass/shell-profile-manager/internal/commands/delete.go:161.2,161.28 1 0
github.com/mindmorass/shell-profile-manager/internal/commands/delete.go:161.28,163.3 1 0
github.com/mindmorass/shell-profile-manager/internal/commands/delete.go:165.2,165.12 1 0
github.com/mindmorass/shell-profile-manager/internal/commands/dotfiles.go:20.67,22.28 1 0
github.com/mindmorass/shell-profile-manager/internal/commands/dotfiles.go:22.28,24.17 2 0
github.com/mindmorass/shell-profile-manager/internal/commands/dotfiles.go:24.17,26.4 1 0
github.com/mindmorass/shell-profile-manager/internal/commands/dotfiles.go:28.3,29.33 2 0
github.com/mindmorass/shell-profile-manager/internal/commands/dotfiles.go:29.33,30.47 1 0
github.com/mindmorass/shell-profile-manager/internal/commands/dotfiles.go:30.47,33.49 3 0
github.com/mindmorass/shell-profile-manager/internal/commands/dotfiles.go:33.49,35.6 1 0
github.com/mindmorass/shell-profile-manager/internal/commands/dotfiles.go:39.3,39.25 1 0
github.com/mindmorass/shell-profile-manager/internal/commands/dotfiles.go:39.25,41.4 1 0
github.com/mindmorass/shell-profile-manager/internal/commands/dotfiles.go:43.3,44.17 2 0
github.com/mindmorass/shell-profile-manager/internal/commands/dotfiles.go:44.17,46.4 1 0
github.com/mindmorass/shell-profile-manager/internal/commands/dotfiles.go:47.3,47.30 1 0
github.com/mindmorass/shell-profile-manager/internal/commands/dotfiles.go:50.2,53.55 2 0
github.com/mindmorass/shell-profile-manager/internal/commands/dotfiles.go:53.55,55.3 1 0
github.com/mindmorass/shell-profile-manager/internal/commands/dotfiles.go:58.2,60.24 2 0
github.com/mindmorass/shell-profile-manager/internal/commands/dotfiles.go:60.24,63.3 2 0
github.com/mindmorass/shell-profile-manager/internal/commands/dotfiles.go:65.2,68.35 3 0
github.com/mindmorass/shell-profile-manager/internal/commands/dotfiles.go:68.35,74.17 4 0
github.com/mindmorass/shell-profile-manager/internal/commands/dotfiles.go:74.17,78.4 3 0
github.com/mindmorass/shell-profile-manager/internal/commands/dotfiles.go:81.3,81.17 1 0
github.com/mindmorass/shell-profile-manager/internal/commands/dotfiles.go:81.17,84.4 2 0
github.com/mindmorass/shell-profile-manager/internal/commands/dotfiles.go:87.3,87.32 1 0
github.com/mindmorass/shell-profile-manager/internal/commands/dotfiles.go:87.32,89.4 1 0
github.com/mindmorass/shell-profile-manager/internal/commands/dotfiles.go:91.3,91.16 1 0
github.com/mindmorass/shell-profile-manager/internal/commands/dotfiles.go:94.2,96.12 2 0
github.com/mindmorass/shell-profile-manager/internal/commands/dotfiles.go:100.66,102.28 1 0
github.com/mindmorass/shell-profile-manager/internal/commands/dotfiles.go:102.28,104.17 2 0
github.com/mindmorass/shell-profile-manager/internal/commands/dotfiles.go:104.17,106.4 1 0
github.com/mindmorass/shell-profile-manager/internal/commands/dotfiles.go:108.3,109.33 2 0
github.com/mindmorass/shell-profile-manager/internal/commands/dotfiles.go:109.33,110.47 1 0
github.com/mindmorass/shell-profile-manager/internal/commands/dotfiles.go:110.47,113.49 3 0
github.com/mindmorass/shell-profile-manager/internal/commands/dotfiles.go:113.49,115.6 1 0
github.com/mindmorass/shell-profile-manager/internal/commands/dotfiles.go:119.3,119.25 1 0
github.com/mindmorass/shell-profile-manager/internal/commands/dotfiles.go:119.25,121.4 1 0
github.com/mindmorass/shell-profile-manager/internal/commands/dotfiles.go:123.3,124.17 2 0
github.com/mindmorass/shell-profile-manager/internal/commands/dotfiles.go:124.17,126.4 1 0
github.com/mindmorass/shell-profile-manager/internal/commands/dotfiles.go:127.3,127.30 1 0
github.com/mindmorass/shell-profile-manager/internal/commands/dotfiles.go:130.2,133.55 2 0
github.com/mindmorass/shell-profile-manager/internal/commands/dotfiles.go:133.55,135.3 1 0
github.com/mindmorass/shell-profile-manager/internal/commands/dotfiles.go:138.2,140.24 2 0
github.com/mindmorass/shell-profile-manager/internal/commands/dotfiles.go:140.24,142.3 1 0
github.com/mindmorass/shell-profile-manager/internal/commands/dotfiles.go:145.2,145.25 1 0
github.com/mindmorass/shell-profile-manager/internal/commands/dotfiles.go:145.25,147.36 2 0
github.com/mindmorass/shell-profile-manager/internal/commands/dotfiles.go:147.36,150.33 3 0
github.com/mindmorass/shell-profile-manager/internal/commands/dotfiles.go:150.33,152.5 1 0
github.com/mindmorass/shell-profile-manager/internal/commands/dotfiles.go:153.4,153.46 1 0
github.com/mindmorass/shell-profile-manager/internal/commands/dotfiles.go:156.3,157.17 2 0
github.com/mindmorass/shell-profile-manager/internal/commands/dotfiles.go:157.17,159.4 1 0
github.com/mindmorass/shell-profile-manager/internal/commands/dotfiles.go:162.3,163.27 2 0
github.com/mindmorass/shell-profile-manager/internal/commands/dotfiles.go:167.2,168.35 2 0
github.com/mindmorass/shell-profile-manager/internal/commands/dotfiles.go:168.35,170.64 2 0
github.com/mindmorass/shell-profile-manager/internal/commands/dotfiles.go:170.64,172.9 2 0
github.com/mindmorass/shell-profile-manager/internal/commands/dotfiles.go:176.2,176.22 1 0
github.com/mindmorass/shell-profile-manager/internal/commands/dotfiles.go:176.22,178.3 1 0
github.com/mindmorass/shell-profile-manager/internal/commands/dotfiles.go:181.2,182.18 2 0
github.com/mindmorass/shell-profile-manager/internal/commands/dotfiles.go:182.18,184.19 2 0
github.com/mindmorass/shell-profile-manager/internal/commands/dotfiles.go:184.19,186.20 2 0
github.com/mindmorass/shell-profile-manager/internal/commands/dotfiles.go:186.20,188.51 1 0
github.com/mindmorass/shell-profile-manager/internal/commands/dotfiles.go:188.51,190.6 1 0
github.com/mindmorass/shell-profile-manager/internal/commands/dotfiles.go:190.11,190.59 1 0
github.com/mindmorass/shell-profile-manager/internal/commands/dotfiles.go:190.59,192.6 1 0
github.com/mindmorass/shell-profile-manager/internal/commands/dotfiles.go:192.11,192.57 1 0
github.com/mindmorass/shell-profile-manager/internal/commands/dotfiles.go:192.57,194.6 1 0
github.com/mindmorass/shell-profile-manager/internal/commands/dotfiles.go:194.11,196.6 1 0
github.com/mindmorass/shell-profile-manager/internal/commands/dotfiles.go:202.2,211.34 8 0
github.com/mindmorass/shell-profile-manager/internal/commands/dotfiles.go:211.34,213.3 1 0
github.com/mindmorass/shell-profile-manager/internal/commands/dotfiles.go:215.2,217.12 2 0
github.com/mindmorass/shell-profile-manager/internal/commands/dotfiles.go:225.52,251.47 3 0
github.com/mindmorass/shell-profile-manager/internal/commands/dotfiles.go:251.47,253.46 2 0
github.com/mindmorass/shell-profile-manager/internal/commands/dotfiles.go:253.46,259.4 1 0
github.com/mindmorass/shell-profile-manager/internal/commands/dotfiles.go:263.2,264.16 2 0
github.com/mindmorass/shell-profile-manager/internal/commands/dotfiles.go:264.16,265.33 1 0
github.com/mindmorass/shell-profile-manager/internal/commands/dotfiles.go:265.33,268.37 2 0
github.com/mindmorass/shell-profile-manager/internal/commands/dotfiles.go:268.37,269.13 1 0
github.com/mindmorass/shell-profile-manager/internal/commands/dotfiles.go:273.4,273.53 1 0
github.com/mindmorass/shell-profile-manager/internal/commands/dotfiles.go:273.53,274.13 1 0
github.com/mindmorass/shell-profile-manager/internal/commands/dotfiles.go:277.4,281.38 3 0
github.com/mindmorass/shell-profile-manager/internal/commands/dotfiles.go:281.38,282.34 1 0
github.com/mindmorass/shell-profile-manager/internal/commands/dotfiles.go:282.34,284.11 2 0
github.com/mindmorass/shell-profile-manager/internal/commands/dotfiles.go:287.4,287.20 1 0
github.com/mindmorass/shell-profile-manager/internal/commands/dotfiles.go:287.20,288.13 1 0
github.com/mindmorass/shell-profile-manager/internal/commands/dotfiles.go:292.4,292.22 1 0
github.com/mindmorass/shell-profile-manager/internal/commands/dotfiles.go:292.22,297.5 1 0
github.com/mindmorass/shell-profile-manager/internal/commands/dotfiles.go:301.2,301.17 1 0
github.com/mindmorass/shell-profile-manager/internal/commands/dotfiles.go:304.40,306.17 2 0
github.com/mindmorass/shell-profile-manager/internal/commands/dotfiles.go:306.17,308.3 1 0
github.com/mindmorass/shell-profile-manager/internal/commands/dotfiles.go:309.2,310.45 2 0
github.com/mindmorass/shell-profile-manager/internal/commands/dotfiles.go:310.45,313.3 2 0
github.com/mindmorass/shell-profile-manager/internal/commands/dotfiles.go:314.2,314.75 1 0
github.com/mindmorass/shell-profile-manager/internal/commands/git.go:20.57,24.55 2 0
github.com/mindmorass/shell-profile-manager/internal/commands/git.go:24.55,26.3 1 0
github.com/mindmorass/shell-profile-manager/internal/commands/git.go:29.2,30.43 2 0
github.com/mindmorass/shell-profile-manager/internal/commands/git.go:30.43,33.3 2 0
github.com/mindmorass/shell-profile-manager/internal/commands/git.go:35.2,43.34 6 0
github.com/mindmorass/shell-profile-manager/internal/commands/git.go:43.34,45.3 1 0
github.com/mindmorass/shell-profile-manager/internal/commands/git.go:48.2,50.34 3 0
github.com/mindmorass/shell-profile-manager/internal/commands/git.go:50.34,53.3 1 0
github.com/mindmorass/shell-profile-manager/internal/commands/git.go:55.2,57.34 3 0
github.com/mindmorass/shell-profile-manager/internal/commands/git.go:57.34,60.3 1 0
github.com/mindmorass/shell-profile-manager/internal/commands/git.go:63.2,63.23 1 0
github.com/mindmorass/shell-profile-manager/internal/commands/git.go:63.23,66.35 3 0
github.com/mindmorass/shell-profile-manager/internal/commands/git.go:66.35,68.4 1 0
github.com/mindmorass/shell-profile-manager/internal/commands/git.go:69.3,69.64 1 0
github.com/mindmorass/shell-profile-manager/internal/commands/git.go:72.2,73.12 2 0
github.com/mindmorass/shell-profile-manager/internal/commands/git.go:77.57,81.55 2 0
github.com/mindmorass/shell-profile-manager/internal/commands/git.go:81.55,83.3 1 0
github.com/mindmorass/shell-profile-manager/internal/commands/git.go:86.2,87.51 2 0
github.com/mindmorass/shell-profile-manager/internal/commands/git.go:87.51,89.3 1 0
github.com/mindmorass/shell-profile-manager/internal/commands/git.go:91.2,96.34 4 0
github.com/mindmorass/shell-profile-manager/internal/commands/git.go:96.34,98.3 1 0
github.com/mindmorass/shell-profile-manager/internal/commands/git.go:101.2,107.34 5 0
github.com/mindmorass/shell-profile-manager/internal/commands/git.go:107.34,112.35 5 0
github.com/mindmorass/shell-profile-manager/internal/commands/git.go:112.35,114.4 1 0
github.com/mindmorass/shell-profile-manager/internal/commands/git.go:117.2,118.12 2 0
github.com/mindmorass/shell-profile-manager/internal/commands/git.go:122.57,126.55 2 0
github.com/mindmorass/shell-profile-manager/internal/commands/git.go:126.55,128.3 1 0
github.com/mindmorass/shell-profile-manager/internal/commands/git.go:131.2,132.51 2 0
github.com/mindmorass/shell-profile-manager/internal/commands/git.go:132.51,134.3 1 0
github.com/mindmorass/shell-profile-manager/internal/commands/git.go:136.2,141.34 4 0
github.com/mindmorass/shell-profile-manager/internal/commands/git.go:141.34,143.3 1 0
github.com/mindmorass/shell-profile-manager/internal/commands/git.go:146.2,149.21 4 0
github.com/mindmorass/shell-profile-manager/internal/commands/git.go:149.21,155.35 4 0
github.com/mindmorass/shell-profile-manager/internal/commands/git.go:155.35,157.4 1 0
github.com/mindmorass/shell-profile-manager/internal/commands/git.go:160.3,162.35 3 0
github.com/mindmorass/shell-profile-manager/internal/commands/git.go:162.35,164.4 1 0
github.com/mindmorass/shell-profile-manager/internal/commands/git.go:168.2,172.18 5 0
github.com/mindmorass/shell-profile-manager/internal/commands/git.go:172.18,174.3 1 0
github.com/mindmorass/shell-profile-manager/internal/commands/git.go:177.2,178.16 2 0
github.com/mindmorass/shell-profile-manager/internal/commands/git.go:178.16,180.3 1 0
github.com/mindmorass/shell-profile-manager/internal/commands/git.go:182.2,187.34 5 0
github.com/mindmorass/shell-profile-manager/internal/commands/git.go:187.34,189.3 1 0
github.com/mindmorass/shell-profile-manager/internal/commands/git.go:191.2,192.12 2 0
github.com/mindmorass/shell-profile-manager/internal/commands/git.go:196.57,200.51 2 0
github.com/mindmorass/shell-profile-manager/internal/commands/git.go:200.51,202.50 1 0
github.com/mindmorass/shell-profile-manager/internal/commands/git.go:202.50,204.4 1 0
github.com/mindmorass/shell-profile-manager/internal/commands/git.go:205.3,205.54 1 0
github.com/mindmorass/shell-profile-manager/internal/commands/git.go:209.2,209.51 1 0
github.com/mindmorass/shell-profile-manager/internal/commands/git.go:209.51,211.50 1 0
github.com/mindmorass/shell-profile-manager/internal/commands/git.go:211.50,213.4 1 0
github.com/mindmorass/shell-profile-manager/internal/commands/git.go:214.3,214.54 1 0
github.com/mindmorass/shell-profile-manager/internal/commands/git.go:217.2,218.12 2 0
github.com/mindmorass/shell-profile-manager/internal/commands/git.go:222.59,226.55 2 0
github.com/mindmorass/shell-profile-manager/internal/commands/git.go:226.55,228.3 1 0
github.com/mindmorass/shell-profile-manager/internal/commands/git.go:231.2,232.51 2 0
github.com/mindmorass/shell-profile-manager/internal/commands/git.go:232.51,234.3 1 0
github.com/mindmorass/shell-profile-manager/internal/commands/git.go:236.2,236.23 1 0
github.com/mindmorass/shell-profile-manager/internal/commands/git.go:236.23,238.3 1 0
github.com/mindmorass/shell-profile-manager/internal/commands/git.go:240.2,245.34 4 0
github.com/mindmorass/shell-profile-manager/internal/commands/git.go:245.34,249.35 3 0
github.com/mindmorass/shell-profile-manager/internal/commands/git.go:249.35,251.4 1 0
github.com/mindmorass/shell-profile-manager/internal/commands/git.go:252.3,252.69 1 0
github.com/mindmorass/shell-profile-manager/internal/commands/git.go:253.8,257.35 3 0
github.com/mindmorass/shell-profile-manager/internal/commands/git.go:257.35,259.4 1 0
github.com/mindmorass/shell-profile-manager/internal/commands/git.go:260.3,260.64 1 0
github.com/mindmorass/shell-profile-manager/internal/commands/git.go:263.2,263.12 1 0
github.com/mindmorass/shell-profile-manager/internal/commands/git.go:267.62,269.28 1 0
github.com/mindmorass/shell-profile-manager/internal/commands/git.go:269.28,271.17 2 0
github.com/mindmorass/shell-profile-manager/internal/commands/git.go:271.17,273.4 1 0
github.com/mindmorass/shell-profile-manager/internal/commands/git.go:275.3,279.33 4 0
github.com/mindmorass/shell-profile-manager/internal/commands/git.go:279.33,280.48 1 0
github.com/mindmorass/shell-profile-manager/internal/commands/git.go:280.48,281.13 1 0
github.com/mindmorass/shell-profile-manager/internal/commands/git.go:284.4,286.53 3 0
github.com/mindmorass/shell-profile-manager/internal/commands/git.go:286.53,287.13 1 0
github.com/mindmorass/shell-profile-manager/internal/commands/git.go:290.4,297.23 6 0
github.com/mindmorass/shell-profile-manager/internal/commands/git.go:297.23,299.5 1 0
github.com/mindmorass/shell-profile-manager/internal/commands/git.go:299.10,301.5 1 0
github.com/mindmorass/shell-profile-manager/internal/commands/git.go:304.4,306.53 3 0
github.com/mindmorass/shell-profile-manager/internal/commands/git.go:306.53,308.5 1 0
github.com/mindmorass/shell-profile-manager/internal/commands/git.go:308.10,310.5 1 0
github.com/mindmorass/shell-profile-manager/internal/commands/git.go:311.4,311.17 1 0
github.com/mindmorass/shell-profile-manager/internal/commands/git.go:314.3,314.16 1 0
github.com/mindmorass/shell-profile-manager/internal/commands/git.go:314.16,316.4 1 0
github.com/mindmorass/shell-profile-manager/internal/commands/git.go:317.3,317.13 1 0
github.com/mindmorass/shell-profile-manager/internal/commands/git.go:320.2,323.55 2 0
github.com/mindmorass/shell-profile-manager/internal/commands/git.go:323.55,325.3 1 0
github.com/mindmorass/shell-profile-manager/internal/commands/git.go:328.2,329.51 2 0
github.com/mindmorass/shell-profile-manager/internal/commands/git.go:329.51,332.3 2 0
github.com/mindmorass/shell-profile-manager/internal/commands/git.go:334.2,343.34 7 0
github.com/mindmorass/shell-profile-manager/internal/commands/git.go:343.34,345.3 1 0
github.com/mindmorass/shell-profile-manager/internal/commands/git.go:348.2,356.12 8 0
github.com/mindmorass/shell-profile-manager/internal/commands/init.go:21.41,24.16 2 0
github.com/mindmorass/shell-profile-manager/internal/commands/init.go:24.16,26.3 1 0
github.com/mindmorass/shell-profile-manager/internal/commands/init.go:28.2,28.62 1 0
github.com/mindmorass/shell-profile-manager/internal/commands/init.go:28.62,38.51 8 0
github.com/mindmorass/shell-profile-manager/internal/commands/init.go:38.51,41.4 2 0
github.com/mindmorass/shell-profile-manager/internal/commands/init.go:45.2,45.22 1 0
github.com/mindmorass/shell-profile-manager/internal/commands/init.go:45.22,46.48 1 0
github.com/mindmorass/shell-profile-manager/internal/commands/init.go:46.48,48.4 1 0
github.com/mindmorass/shell-profile-manager/internal/commands/init.go:52.2,52.28 1 0
github.com/mindmorass/shell-profile-manager/internal/commands/init.go:52.28,54.17 2 0
github.com/mindmorass/shell-profile-manager/internal/commands/init.go:54.17,56.4 1 0
github.com/mindmorass/shell-profile-manager/internal/commands/init.go:57.3,57.47 1 0
github.com/mindmorass/shell-profile-manager/internal/commands/init.go:61.2,64.60 2 0
github.com/mindmorass/shell-profile-manager/internal/commands/init.go:64.60,66.3 1 0
github.com/mindmorass/shell-profile-manager/internal/commands/init.go:69.2,73.47 2 0
github.com/mindmorass/shell-profile-manager/internal/commands/init.go:73.47,75.3 1 0
github.com/mindmorass/shell-profile-manager/internal/commands/init.go:77.2,87.12 10 0
github.com/mindmorass/shell-profile-manager/internal/commands/init.go:90.47,101.17 8 0
github.com/mindmorass/shell-profile-manager/internal/commands/init.go:101.17,103.3 1 0
github.com/mindmorass/shell-profile-manager/internal/commands/init.go:103.8,105.3 1 0
github.com/mindmorass/shell-profile-manager/internal/commands/init.go:107.2,108.12 2 0
github.com/mindmorass/shell-profile-manager/internal/commands/init.go:112.37,114.34 1 0
github.com/mindmorass/shell-profile-manager/internal/commands/init.go:114.34,116.17 2 0
github.com/mindmorass/shell-profile-manager/internal/commands/init.go:116.17,118.4 1 0
github.com/mindmorass/shell-profile-manager/internal/commands/init.go:122.2,125.29 2 0
github.com/mindmorass/shell-profile-manager/internal/commands/list.go:19.63,22.56 1 0
github.com/mindmorass/shell-profile-manager/internal/commands/list.go:22.56,27.3 4 0
github.com/mindmorass/shell-profile-manager/internal/commands/list.go:30.2,31.16 2 0
github.com/mindmorass/shell-profile-manager/internal/commands/list.go:31.16,33.3 1 0
github.com/mindmorass/shell-profile-manager/internal/commands/list.go:35.2,36.32 2 0
github.com/mindmorass/shell-profile-manager/internal/commands/list.go:36.32,37.46 1 0
github.com/mindmorass/shell-profile-manager/internal/commands/list.go:37.46,40.48 3 0
github.com/mindmorass/shell-profile-manager/internal/commands/list.go:40.48,42.5 1 0
github.com/mindmorass/shell-profile-manager/internal/commands/list.go:46.2,46.24 1 0
github.com/mindmorass/shell-profile-manager/internal/commands/list.go:46.24,51.3 4 0
github.com/mindmorass/shell-profile-manager/internal/commands/list.go:54.2,54.22 1 0
github.com/mindmorass/shell-profile-manager/internal/commands/list.go:54.22,56.17 2 0
github.com/mindmorass/shell-profile-manager/internal/commands/list.go:56.17,58.4 1 0
github.com/mindmorass/shell-profile-manager/internal/commands/list.go:61.3,62.56 2 0
github.com/mindmorass/shell-profile-manager/internal/commands/list.go:65.2,70.26 4 0
github.com/mindmorass/shell-profile-manager/internal/commands/list.go:70.26,74.3 3 0
github.com/mindmorass/shell-profile-manager/internal/commands/list.go:77.2,77.39 1 0
github.com/mindmorass/shell-profile-manager/internal/commands/list.go:77.39,84.36 5 0
github.com/mindmorass/shell-profile-manager/internal/commands/list.go:84.36,86.4 1 0
github.com/mindmorass/shell-profile-manager/internal/commands/list.go:86.9,88.4 1 0
github.com/mindmorass/shell-profile-manager/internal/commands/list.go:91.3,94.47 2 0
github.com/mindmorass/shell-profile-manager/internal/commands/list.go:94.47,96.64 1 0
github.com/mindmorass/shell-profile-manager/internal/commands/list.go:96.64,100.66 4 0
github.com/mindmorass/shell-profile-manager/internal/commands/list.go:100.66,102.6 1 0
github.com/mindmorass/shell-profile-manager/internal/commands/list.go:102.11,104.6 1 0
github.com/mindmorass/shell-profile-manager/internal/commands/list.go:106.9,108.4 1 0
github.com/mindmorass/shell-profile-manager/internal/commands/list.go:111.3,111.51 1 0
github.com/mindmorass/shell-profile-manager/internal/commands/list.go:111.51,114.21 3 0
github.com/mindmorass/shell-profile-manager/internal/commands/list.go:114.21,116.5 1 0
github.com/mindmorass/shell-profile-manager/internal/commands/list.go:117.4,117.22 1 0
github.com/mindmorass/shell-profile-manager/internal/commands/list.go:117.22,119.5 1 0
github.com/mindmorass/shell-profile-manager/internal/commands/list.go:120.4,122.23 2 0
github.com/mindmorass/shell-profile-manager/internal/commands/list.go:122.23,124.5 1 0
github.com/mindmorass/shell-profile-manager/internal/commands/list.go:125.9,127.4 1 0
github.com/mindmorass/shell-profile-manager/internal/commands/list.go:130.3,130.19 1 0
github.com/mindmorass/shell-profile-manager/internal/commands/list.go:130.19,132.49 1 0
github.com/mindmorass/shell-profile-manager/internal/commands/list.go:132.49,135.32 3 0
github.com/mindmorass/shell-profile-manager/internal/commands/list.go:135.32,136.46 1 0
github.com/mindmorass/shell-profile-manager/internal/commands/list.go:136.46,139.7 2 0
github.com/mindmorass/shell-profile-manager/internal/commands/list.go:140.6,140.45 1 0
github.com/mindmorass/shell-profile-manager/internal/commands/list.go:140.45,143.7 2 0
github.com/mindmorass/shell-profile-manager/internal/commands/list.go:148.4,149.46 2 0
github.com/mindmorass/shell-profile-manager/internal/commands/list.go:149.46,153.32 4 0
github.com/mindmorass/shell-profile-manager/internal/commands/list.go:153.32,154.91 1 0
github.com/mindmorass/shell-profile-manager/internal/commands/list.go:154.91,156.7 1 0
github.com/mindmorass/shell-profile-manager/internal/commands/list.go:158.5,158.112 1 0
github.com/mindmorass/shell-profile-manager/internal/commands/list.go:162.4,163.54 2 0
github.com/mindmorass/shell-profile-manager/internal/commands/list.go:163.54,165.35 2 0
github.com/mindmorass/shell-profile-manager/internal/commands/list.go:165.35,166.24 1 0
github.com/mindmorass/shell-profile-manager/internal/commands/list.go:166.24,168.32 2 0
github.com/mindmorass/shell-profile-manager/internal/commands/list.go:168.32,170.8 1 0
github.com/mindmorass/shell-profile-manager/internal/commands/list.go:173.5,173.22 1 0
github.com/mindmorass/shell-profile-manager/internal/commands/list.go:173.22,175.6 1 0
github.com/mindmorass/shell-profile-manager/internal/commands/list.go:179.3,179.16 1 0
github.com/mindmorass/shell-profile-manager/internal/commands/list.go:183.2,185.19 2 0
github.com/mindmorass/shell-profile-manager/internal/commands/list.go:185.19,189.3 3 0
github.com/mindmorass/shell-profile-manager/internal/commands/list.go:191.2,191.12 1 0
github.com/mindmorass/shell-profile-manager/internal/commands/list.go:194.50,197.16 3 0
github.com/mindmorass/shell-profile-manager/internal/commands/list.go:197.16,199.3 1 0
github.com/mindmorass/shell-profile-manager/internal/commands/list.go:200.2,200.42 1 0
github.com/mindmorass/shell-profile-manager/internal/commands/list.go:204.81,216.46 7 0
github.com/mindmorass/shell-profile-manager/internal/commands/list.go:216.46,218.63 1 0
github.com/mindmorass/shell-profile-manager/internal/commands/list.go:218.63,222.65 4 0
github.com/mindmorass/shell-profile-manager/internal/commands/list.go:222.65,224.5 1 0
github.com/mindmorass/shell-profile-manager/internal/commands/list.go:224.10,226.5 1 0
github.com/mindmorass/shell-profile-manager/internal/commands/list.go:228.8,230.3 1 0
github.com/mindmorass/shell-profile-manager/internal/commands/list.go:233.2,233.50 1 0
github.com/mindmorass/shell-profile-manager/internal/commands/list.go:233.50,236.20 3 0
github.com/mindmorass/shell-profile-manager/internal/commands/list.go:236.20,238.4 1 0
github.com/mindmorass/shell-profile-manager/internal/commands/list.go:239.3,239.21 1 0
github.com/mindmorass/shell-profile-manager/internal/commands/list.go:239.21,241.4 1 0
github.com/mindmorass/shell-profile-manager/internal/commands/list.go:242.3,244.22 2 0
github.com/mindmorass/shell-profile-manager/internal/commands/list.go:244.22,246.4 1 0
github.com/mindmorass/shell-profile-manager/internal/commands/list.go:247.8,249.3 1 0
github.com/mindmorass/shell-profile-manager/internal/commands/list.go:252.2,252.38 1 0
github.com/mindmorass/shell-profile-manager/internal/commands/list.go:252.38,254.48 1 0
github.com/mindmorass/shell-profile-manager/internal/commands/list.go:254.48,257.31 3 0
github.com/mindmorass/shell-profile-manager/internal/commands/list.go:257.31,258.45 1 0
github.com/mindmorass/shell-profile-manager/internal/commands/list.go:258.45,261.6 2 0
github.com/mindmorass/shell-profile-manager/internal/commands/list.go:262.5,262.44 1 0
github.com/mindmorass/shell-profile-manager/internal/commands/list.go:262.44,265.6 2 0
github.com/mindmorass/shell-profile-manager/internal/commands/list.go:270.3,271.45 2 0
github.com/mindmorass/shell-profile-manager/internal/commands/list.go:271.45,275.31 4 0
github.com/mindmorass/shell-profile-manager/internal/commands/list.go:275.31,276.90 1 0
github.com/mindmorass/shell-profile-manager/internal/commands/list.go:276.90,278.6 1 0
github.com/mindmorass/shell-profile-manager/internal/commands/list.go:280.4,280.111 1 0
github.com/mindmorass/shell-profile-manager/internal/commands/list.go:284.3,285.53 2 0
github.com/mindmorass/shell-profile-manager/internal/commands/list.go:285.53,287.34 2 0
github.com/mindmorass/shell-profile-manager/internal/commands/list.go:287.34,288.23 1 0
github.com/mindmorass/shell-profile-manager/internal/commands/list.go:288.23,290.31 2 0
github.com/mindmorass/shell-profile-manager/internal/commands/list.go:290.31,292.7 1 0
github.com/mindmorass/shell-profile-manager/internal/commands/list.go:295.4,295.21 1 0
github.com/mindmorass/shell-profile-manager/internal/commands/list.go:295.21,297.5 1 0
github.com/mindmorass/shell-profile-manager/internal/commands/list.go:301.2,302.12 2 0
github.com/mindmorass/shell-profile-manager/internal/commands/select.go:19.66,22.16 2 0
github.com/mindmorass/shell-profile-manager/internal/commands/select.go:22.16,24.3 1 0
github.com/mindmorass/shell-profile-manager/internal/commands/select.go:26.2,29.32 3 0
github.com/mindmorass/shell-profile-manager/internal/commands/select.go:29.32,30.46 1 0
github.com/mindmorass/shell-profile-manager/internal/commands/select.go:30.46,33.48 3 0
github.com/mindmorass/shell-profile-manager/internal/commands/select.go:33.48,36.5 2 0
github.com/mindmorass/shell-profile-manager/internal/commands/select.go:40.2,40.24 1 0
github.com/mindmorass/shell-profile-manager/internal/commands/select.go:40.24,42.3 1 0
github.com/mindmorass/shell-profile-manager/internal/commands/select.go:45.2,46.28 2 0
github.com/mindmorass/shell-profile-manager/internal/commands/select.go:46.28,49.53 2 0
github.com/mindmorass/shell-profile-manager/internal/commands/select.go:49.53,51.4 1 0
github.com/mindmorass/shell-profile-manager/internal/commands/select.go:52.8,55.17 2 0
github.com/mindmorass/shell-profile-manager/internal/commands/select.go:55.17,57.4 1 0
github.com/mindmorass/shell-profile-manager/internal/commands/select.go:60.2,64.32 3 0
github.com/mindmorass/shell-profile-manager/internal/commands/select.go:64.32,68.3 3 0
github.com/mindmorass/shell-profile-manager/internal/commands/select.go:71.2,77.46 5 0
github.com/mindmorass/shell-profile-manager/internal/commands/select.go:77.46,79.63 1 0
github.com/mindmorass/shell-profile-manager/internal/commands/select.go:79.63,86.18 5 0
github.com/mindmorass/shell-profile-manager/internal/commands/select.go:86.18,89.25 3 0
github.com/mindmorass/shell-profile-manager/internal/commands/select.go:89.25,95.43 5 0
github.com/mindmorass/shell-profile-manager/internal/commands/select.go:95.43,98.7 2 0
github.com/mindmorass/shell-profile-manager/internal/commands/select.go:98.12,100.7 1 0
github.com/mindmorass/shell-profile-manager/internal/commands/select.go:101.11,103.6 1 0
github.com/mindmorass/shell-profile-manager/internal/commands/select.go:109.2,112.22 4 0
github.com/mindmorass/shell-profile-manager/internal/commands/select.go:112.22,114.3 1 0
github.com/mindmorass/shell-profile-manager/internal/commands/select.go:114.8,116.3 1 0
github.com/mindmorass/shell-profile-manager/internal/commands/select.go:117.2,121.12 4 0
github.com/mindmorass/shell-profile-manager/internal/commands/update.go:21.66,23.28 1 0
github.com/mindmorass/shell-profile-manager/internal/commands/update.go:23.28,25.17 2 0
github.com/mindmorass/shell-profile-manager/internal/commands/update.go:25.17,27.4 1 0
github.com/mindmorass/shell-profile-manager/internal/commands/update.go:29.3,30.33 2 0
github.com/mindmorass/shell-profile-manager/internal/commands/update.go:30.33,31.47 1 0
github.com/mindmorass/shell-profile-manager/internal/commands/update.go:31.47,34.49 3 0
github.com/mindmorass/shell-profile-manager/internal/commands/update.go:34.49,36.6 1 0
github.com/mindmorass/shell-profile-manager/internal/commands/update.go:40.3,40.25 1 0
github.com/mindmorass/shell-profile-manager/internal/commands/update.go:40.25,42.4 1 0
github.com/mindmorass/shell-profile-manager/internal/commands/update.go:44.3,45.17 2 0
github.com/mindmorass/shell-profile-manager/internal/commands/update.go:45.17,47.4 1 0
github.com/mindmorass/shell-profile-manager/internal/commands/update.go:48.3,48.30 1 0
github.com/mindmorass/shell-profile-manager/internal/commands/update.go:51.2,54.55 2 0
github.com/mindmorass/shell-profile-manager/internal/commands/update.go:54.55,56.3 1 0
github.com/mindmorass/shell-profile-manager/internal/commands/update.go:58.2,59.54 2 0
github.com/mindmorass/shell-profile-manager/internal/commands/update.go:59.54,61.3 1 0
github.com/mindmorass/shell-profile-manager/internal/commands/update.go:63.2,68.36 4 0
github.com/mindmorass/shell-profile-manager/internal/commands/update.go:68.36,69.68 1 0
github.com/mindmorass/shell-profile-manager/internal/commands/update.go:69.68,71.19 2 0
github.com/mindmorass/shell-profile-manager/internal/commands/update.go:71.19,73.33 2 0
github.com/mindmorass/shell-profile-manager/internal/commands/update.go:73.33,75.6 1 0
github.com/mindmorass/shell-profile-manager/internal/commands/update.go:81.2,84.76 2 0
github.com/mindmorass/shell-profile-manager/internal/commands/update.go:84.76,86.3 1 0
github.com/mindmorass/shell-profile-manager/internal/commands/update.go:86.8,86.29 1 0
github.com/mindmorass/shell-profile-manager/internal/commands/update.go:86.29,88.3 1 0
github.com/mindmorass/shell-profile-manager/internal/commands/update.go:91.2,91.100 1 0
github.com/mindmorass/shell-profile-manager/internal/commands/update.go:91.100,93.3 1 0
github.com/mindmorass/shell-profile-manager/internal/commands/update.go:93.8,93.20 1 0
github.com/mindmorass/shell-profile-manager/internal/commands/update.go:93.20,95.3 1 0
github.com/mindmorass/shell-profile-manager/internal/commands/update.go:98.2,98.86 1 0
github.com/mindmorass/shell-profile-manager/internal/commands/update.go:98.86,100.3 1 0
github.com/mindmorass/shell-profile-manager/internal/commands/update.go:100.8,100.20 1 0
github.com/mindmorass/shell-profile-manager/internal/commands/update.go:100.20,102.3 1 0
github.com/mindmorass/shell-profile-manager/internal/commands/update.go:105.2,105.17 1 0
github.com/mindmorass/shell-profile-manager/internal/commands/update.go:105.17,107.23 2 0
github.com/mindmorass/shell-profile-manager/internal/commands/update.go:107.23,110.35 3 0
github.com/mindmorass/shell-profile-manager/internal/commands/update.go:110.35,112.5 1 0
github.com/mindmorass/shell-profile-manager/internal/commands/update.go:113.9,115.4 1 0
github.com/mindmorass/shell-profile-manager/internal/commands/update.go:116.8,117.23 1 0
github.com/mindmorass/shell-profile-manager/internal/commands/update.go:117.23,121.35 4 0
github.com/mindmorass/shell-profile-manager/internal/commands/update.go:121.35,123.5 1 0
github.com/mindmorass/shell-profile-manager/internal/commands/update.go:124.9,126.4 1 0
github.com/mindmorass/shell-profile-manager/internal/commands/update.go:129.2,129.12 1 0
github.com/mindmorass/shell-profile-manager/internal/commands/update.go:132.57,134.53 2 0
github.com/mindmorass/shell-profile-manager/internal/commands/update.go:134.53,136.3 1 0
github.com/mindmorass/shell-profile-manager/internal/commands/update.go:138.2,148.37 4 0
github.com/mindmorass/shell-profile-manager/internal/commands/update.go:148.37,150.41 2 0
github.com/mindmorass/shell-profile-manager/internal/commands/update.go:150.41,152.18 2 0
github.com/mindmorass/shell-profile-manager/internal/commands/update.go:152.18,153.13 1 0
github.com/mindmorass/shell-profile-manager/internal/commands/update.go:156.4,157.70 2 0
github.com/mindmorass/shell-profile-manager/internal/commands/update.go:157.70,158.13 1 0
github.com/mindmorass/shell-profile-manager/internal/commands/update.go:161.4,161.66 1 0
github.com/mindmorass/shell-profile-manager/internal/commands/update.go:161.66,162.13 1 0
github.com/mindmorass/shell-profile-manager/internal/commands/update.go:167.2,168.12 2 0
github.com/mindmorass/shell-profile-manager/internal/commands/update.go:171.74,186.35 3 0
github.com/mindmorass/shell-profile-manager/internal/commands/update.go:186.35,188.54 2 0
github.com/mindmorass/shell-profile-manager/internal/commands/update.go:188.54,189.15 1 0
github.com/mindmorass/shell-profile-manager/internal/commands/update.go:189.15,190.55 1 0
github.com/mindmorass/shell-profile-manager/internal/commands/update.go:190.55,192.6 1 0
github.com/mindmorass/shell-profile-manager/internal/commands/update.go:194.4,194.34 1 0
github.com/mindmorass/shell-profile-manager/internal/commands/update.go:199.2,200.54 2 0
github.com/mindmorass/shell-profile-manager/internal/commands/update.go:200.54,201.48 1 0
github.com/mindmorass/shell-profile-manager/internal/commands/update.go:201.48,204.4 1 0
github.com/mindmorass/shell-profile-manager/internal/commands/update.go:207.2,207.21 1 0
github.com/mindmorass/shell-profile-manager/internal/commands/update.go:210.84,213.16 3 0
github.com/mindmorass/shell-profile-manager/internal/commands/update.go:213.16,215.3 1 0
github.com/mindmorass/shell-profile-manager/internal/commands/update.go:217.2,314.23 5 0
github.com/mindmorass/shell-profile-manager/internal/commands/update.go:314.23,316.24 2 0
github.com/mindmorass/shell-profile-manager/internal/commands/update.go:316.24,319.25 2 0
github.com/mindmorass/shell-profile-manager/internal/commands/update.go:319.25,321.5 1 0
github.com/mindmorass/shell-profile-manager/internal/commands/update.go:325.2,329.35 3 0
github.com/mindmorass/shell-profile-manager/internal/commands/update.go:329.35,332.34 2 0
github.com/mindmorass/shell-profile-manager/internal/commands/update.go:332.34,333.47 1 0
github.com/mindmorass/shell-profile-manager/internal/commands/update.go:333.47,335.5 1 0
github.com/mindmorass/shell-profile-manager/internal/commands/update.go:338.3,338.27 1 0
github.com/mindmorass/shell-profile-manager/internal/commands/update.go:338.27,343.22 3 0
github.com/mindmorass/shell-profile-manager/internal/commands/update.go:343.22,346.41 2 0
github.com/mindmorass/shell-profile-manager/internal/commands/update.go:346.41,348.6 1 0
github.com/mindmorass/shell-profile-manager/internal/commands/update.go:349.5,349.23 1 0
github.com/mindmorass/shell-profile-manager/internal/commands/update.go:350.10,354.27 2 0
github.com/mindmorass/shell-profile-manager/internal/commands/update.go:354.27,358.27 3 0
github.com/mindmorass/shell-profile-manager/internal/commands/update.go:358.27,360.7 1 0
github.com/mindmorass/shell-profile-manager/internal/commands/update.go:362.6,365.14 4 0
github.com/mindmorass/shell-profile-manager/internal/commands/update.go:368.5,368.58 1 0
github.com/mindmorass/shell-profile-manager/internal/commands/update.go:371.4,372.18 2 0
github.com/mindmorass/shell-profile-manager/internal/commands/update.go:376.2,376.24 1 0
github.com/mindmorass/shell-profile-manager/internal/commands/update.go:376.24,378.77 2 0
github.com/mindmorass/shell-profile-manager/internal/commands/update.go:378.77,380.4 1 0
github.com/mindmorass/shell-profile-manager/internal/commands/update.go:383.2,383.21 1 0
github.com/mindmorass/shell-profile-manager/internal/commands/update.go:386.75,389.16 3 0
github.com/mindmorass/shell-profile-manager/internal/commands/update.go:389.16,392.14 1 0
github.com/mindmorass/shell-profile-manager/internal/commands/update.go:392.14,465.86 2 0
github.com/mindmorass/shell-profile-manager/internal/commands/update.go:465.86,467.5 1 0
github.com/mindmorass/shell-profile-manager/internal/commands/update.go:469.3,469.19 1 0
github.com/mindmorass/shell-profile-manager/internal/commands/update.go:472.2,490.49 6 0
github.com/mindmorass/shell-profile-manager/internal/commands/update.go:490.49,491.20 1 0
github.com/mindmorass/shell-profile-manager/internal/commands/update.go:491.20,493.4 1 0
github.com/mindmorass/shell-profile-manager/internal/commands/update.go:494.3,494.47 1 0
github.com/mindmorass/shell-profile-manager/internal/commands/update.go:494.47,496.4 1 0
github.com/mindmorass/shell-profile-manager/internal/commands/update.go:497.3,497.89 1 0
github.com/mindmorass/shell-profile-manager/internal/commands/update.go:500.2,500.51 1 0
github.com/mindmorass/shell-profile-manager/internal/commands/update.go:500.51,503.36 2 0
github.com/mindmorass/shell-profile-manager/internal/commands/update.go:503.36,504.51 1 0
github.com/mindmorass/shell-profile-manager/internal/commands/update.go:504.51,506.10 2 0
github.com/mindmorass/shell-profile-manager/internal/commands/update.go:510.3,510.14 1 0
github.com/mindmorass/shell-profile-manager/internal/commands/update.go:510.14,513.25 2 0
github.com/mindmorass/shell-profile-manager/internal/commands/update.go:513.25,515.26 2 0
github.com/mindmorass/shell-profile-manager/internal/commands/update.go:515.26,517.6 1 0
github.com/mindmorass/shell-profile-manager/internal/commands/update.go:518.10,521.26 2 0
github.com/mindmorass/shell-profile-manager/internal/commands/update.go:521.26,523.6 1 0
github.com/mindmorass/shell-profile-manager/internal/commands/update.go:523.11,525.27 2 0
github.com/mindmorass/shell-profile-manager/internal/commands/update.go:525.27,527.7 1 0
github.com/mindmorass/shell-profile-manager/internal/commands/update.go:531.4,535.21 4 0
github.com/mindmorass/shell-profile-manager/internal/commands/update.go:535.21,537.5 1 0
github.com/mindmorass/shell-profile-manager/internal/commands/update.go:538.4,538.37 1 0
github.com/mindmorass/shell-profile-manager/internal/commands/update.go:538.37,540.5 1 0
github.com/mindmorass/shell-profile-manager/internal/commands/update.go:541.4,544.18 3 0
github.com/mindmorass/shell-profile-manager/internal/commands/update.go:548.2,548.24 1 0
github.com/mindmorass/shell-profile-manager/internal/commands/update.go:548.24,549.85 1 0
github.com/mindmorass/shell-profile-manager/internal/commands/update.go:549.85,551.4 1 0
github.com/mindmorass/shell-profile-manager/internal/commands/update.go:554.2,554.21 1 0
github.com/mindmorass/shell-profile-manager/internal/config/config.go:20.38,22.16 2 0
github.com/mindmorass/shell-profile-manager/internal/config/config.go:22.16,24.3 1 0
github.com/mindmorass/shell-profile-manager/internal/config/config.go:25.2,25.52 1 0
github.com/mindmorass/shell-profile-manager/internal/config/config.go:30.36,32.16 2 0
github.com/mindmorass/shell-profile-manager/internal/config/config.go:32.16,34.3 1 0
github.com/mindmorass/shell-profile-manager/internal/config/config.go:37.2,37.55 1 0
github.com/mindmorass/shell-profile-manager/internal/config/config.go:37.55,39.3 1 0
github.com/mindmorass/shell-profile-manager/internal/config/config.go:42.2,43.16 2 0
github.com/mindmorass/shell-profile-manager/internal/config/config.go:43.16,45.3 1 0
github.com/mindmorass/shell-profile-manager/internal/config/config.go:48.2,50.29 3 0
github.com/mindmorass/shell-profile-manager/internal/config/config.go:50.29,52.49 2 0
github.com/mindmorass/shell-profile-manager/internal/config/config.go:52.49,53.12 1 0
github.com/mindmorass/shell-profile-manager/internal/config/config.go:56.3,57.22 2 0
github.com/mindmorass/shell-profile-manager/internal/config/config.go:57.22,58.12 1 0
github.com/mindmorass/shell-profile-manager/internal/config/config.go:61.3,64.14 3 0
github.com/mindmorass/shell-profile-manager/internal/config/config.go:65.23,67.42 1 0
github.com/mindmorass/shell-profile-manager/internal/config/config.go:72.2,72.30 1 0
github.com/mindmorass/shell-profile-manager/internal/config/config.go:72.30,75.3 2 0
github.com/mindmorass/shell-profile-manager/internal/config/config.go:77.2,77.20 1 0
github.com/mindmorass/shell-profile-manager/internal/config/config.go:81.39,83.16 2 0
github.com/mindmorass/shell-profile-manager/internal/config/config.go:83.16,85.3 1 0
github.com/mindmorass/shell-profile-manager/internal/config/config.go:88.2,89.16 2 0
github.com/mindmorass/shell-profile-manager/internal/config/config.go:89.16,91.3 1 0
github.com/mindmorass/shell-profile-manager/internal/config/config.go:93.2,94.45 2 0
github.com/mindmorass/shell-profile-manager/internal/config/config.go:94.45,96.3 1 0
github.com/mindmorass/shell-profile-manager/internal/config/config.go:99.2,106.72 2 0
github.com/mindmorass/shell-profile-manager/internal/config/config.go:106.72,108.3 1 0
github.com/mindmorass/shell-profile-manager/internal/config/config.go:110.2,110.12 1 0
github.com/mindmorass/shell-profile-manager/internal/config/config.go:114.42,116.16 2 0
github.com/mindmorass/shell-profile-manager/internal/config/config.go:116.16,118.3 1 0
github.com/mindmorass/shell-profile-manager/internal/config/config.go:120.2,122.8 1 0
github.com/mindmorass/shell-profile-manager/internal/config/config.go:126.37,128.34 1 0
github.com/mindmorass/shell-profile-manager/internal/config/config.go:128.34,130.17 2 0
github.com/mindmorass/shell-profile-manager/internal/config/config.go:130.17,132.4 1 0
github.com/mindmorass/shell-profile-manager/internal/config/config.go:136.2,139.29 2 0
